1671678058.948314 client started (5766): version 3.2a, socket /tmp/tmux-1000/default, protocol 8
1671678058.948338 on Linux 5.15.0-56-generic #62-Ubuntu SMP Tue Nov 22 19:54:14 UTC 2022
1671678058.948347 using libevent 2.1.12-stable (poll); ncurses 6.3
1671678058.948368 flags are 0x18010000
1671678058.948374 socket is /tmp/tmux-1000/default
1671678058.948386 trying connect
1671678058.948402 connect failed: No such file or directory
1671678058.948412 lock file is /tmp/tmux-1000/default.lock
1671678058.948443 flock succeeded
1671678058.948448 got lock (6)
1671678058.948456 trying connect
1671678058.948466 connect failed: No such file or directory
1671678058.948629 add peer 0x56206d0075c0: 7 ((nil))
1671678058.949019 sending message 100 to peer 0x56206d0075c0 (4 bytes)
1671678058.949030 sending message 111 to peer 0x56206d0075c0 (8 bytes)
1671678058.949036 sending message 101 to peer 0x56206d0075c0 (15 bytes)
1671678058.949041 sending message 109 to peer 0x56206d0075c0 (4 bytes)
1671678058.949046 sending message 102 to peer 0x56206d0075c0 (11 bytes)
1671678058.949051 sending message 108 to peer 0x56206d0075c0 (48 bytes)
1671678058.949056 sending message 112 to peer 0x56206d0075c0 (58 bytes)
1671678058.949062 sending message 112 to peer 0x56206d0075c0 (5 bytes)
1671678058.949067 sending message 112 to peer 0x56206d0075c0 (5 bytes)
1671678058.949073 sending message 112 to peer 0x56206d0075c0 (6 bytes)
1671678058.949078 sending message 112 to peer 0x56206d0075c0 (6 bytes)
1671678058.949084 sending message 112 to peer 0x56206d0075c0 (11 bytes)
1671678058.949089 sending message 112 to peer 0x56206d0075c0 (10 bytes)
1671678058.949094 sending message 112 to peer 0x56206d0075c0 (13 bytes)
1671678058.949100 sending message 112 to peer 0x56206d0075c0 (14 bytes)
1671678058.949105 sending message 112 to peer 0x56206d0075c0 (19 bytes)
1671678058.949110 sending message 112 to peer 0x56206d0075c0 (11 bytes)
1671678058.949116 sending message 112 to peer 0x56206d0075c0 (10 bytes)
1671678058.949121 sending message 112 to peer 0x56206d0075c0 (15 bytes)
1671678058.949126 sending message 112 to peer 0x56206d0075c0 (21 bytes)
1671678058.949132 sending message 112 to peer 0x56206d0075c0 (13 bytes)
1671678058.949137 sending message 112 to peer 0x56206d0075c0 (7 bytes)
1671678058.949142 sending message 112 to peer 0x56206d0075c0 (13 bytes)
1671678058.949147 sending message 112 to peer 0x56206d0075c0 (7 bytes)
1671678058.949152 sending message 112 to peer 0x56206d0075c0 (13 bytes)
1671678058.949158 sending message 112 to peer 0x56206d0075c0 (9 bytes)
1671678058.949163 sending message 112 to peer 0x56206d0075c0 (21 bytes)
1671678058.949168 sending message 112 to peer 0x56206d0075c0 (13 bytes)
1671678058.949174 sending message 112 to peer 0x56206d0075c0 (9 bytes)
1671678058.949179 sending message 112 to peer 0x56206d0075c0 (16 bytes)
1671678058.949185 sending message 112 to peer 0x56206d0075c0 (13 bytes)
1671678058.949190 sending message 112 to peer 0x56206d0075c0 (9 bytes)
1671678058.949195 sending message 112 to peer 0x56206d0075c0 (9 bytes)
1671678058.949200 sending message 112 to peer 0x56206d0075c0 (12 bytes)
1671678058.949206 sending message 112 to peer 0x56206d0075c0 (8 bytes)
1671678058.949211 sending message 112 to peer 0x56206d0075c0 (8 bytes)
1671678058.949216 sending message 112 to peer 0x56206d0075c0 (13 bytes)
1671678058.949221 sending message 112 to peer 0x56206d0075c0 (7 bytes)
1671678058.949227 sending message 112 to peer 0x56206d0075c0 (7 bytes)
1671678058.949232 sending message 112 to peer 0x56206d0075c0 (9 bytes)
1671678058.949237 sending message 112 to peer 0x56206d0075c0 (9 bytes)
1671678058.949242 sending message 112 to peer 0x56206d0075c0 (15 bytes)
1671678058.949248 sending message 112 to peer 0x56206d0075c0 (13 bytes)
1671678058.949253 sending message 112 to peer 0x56206d0075c0 (12 bytes)
1671678058.949258 sending message 112 to peer 0x56206d0075c0 (8 bytes)
1671678058.949263 sending message 112 to peer 0x56206d0075c0 (14 bytes)
1671678058.949268 sending message 112 to peer 0x56206d0075c0 (11 bytes)
1671678058.949274 sending message 112 to peer 0x56206d0075c0 (9 bytes)
1671678058.949287 sending message 112 to peer 0x56206d0075c0 (10 bytes)
1671678058.949293 sending message 112 to peer 0x56206d0075c0 (10 bytes)
1671678058.949298 sending message 112 to peer 0x56206d0075c0 (10 bytes)
1671678058.949304 sending message 112 to peer 0x56206d0075c0 (10 bytes)
1671678058.949309 sending message 112 to peer 0x56206d0075c0 (11 bytes)
1671678058.949315 sending message 112 to peer 0x56206d0075c0 (12 bytes)
1671678058.949320 sending message 112 to peer 0x56206d0075c0 (12 bytes)
1671678058.949325 sending message 112 to peer 0x56206d0075c0 (12 bytes)
1671678058.949331 sending message 112 to peer 0x56206d0075c0 (12 bytes)
1671678058.949336 sending message 112 to peer 0x56206d0075c0 (12 bytes)
1671678058.949341 sending message 112 to peer 0x56206d0075c0 (11 bytes)
1671678058.949346 sending message 112 to peer 0x56206d0075c0 (11 bytes)
1671678058.949351 sending message 112 to peer 0x56206d0075c0 (12 bytes)
1671678058.949357 sending message 112 to peer 0x56206d0075c0 (12 bytes)
1671678058.949362 sending message 112 to peer 0x56206d0075c0 (12 bytes)
1671678058.949367 sending message 112 to peer 0x56206d0075c0 (12 bytes)
1671678058.949372 sending message 112 to peer 0x56206d0075c0 (12 bytes)
1671678058.949377 sending message 112 to peer 0x56206d0075c0 (9 bytes)
1671678058.949382 sending message 112 to peer 0x56206d0075c0 (12 bytes)
1671678058.949388 sending message 112 to peer 0x56206d0075c0 (13 bytes)
1671678058.949393 sending message 112 to peer 0x56206d0075c0 (13 bytes)
1671678058.949398 sending message 112 to peer 0x56206d0075c0 (13 bytes)
1671678058.949403 sending message 112 to peer 0x56206d0075c0 (13 bytes)
1671678058.949408 sending message 112 to peer 0x56206d0075c0 (13 bytes)
1671678058.949413 sending message 112 to peer 0x56206d0075c0 (8 bytes)
1671678058.949419 sending message 112 to peer 0x56206d0075c0 (11 bytes)
1671678058.949424 sending message 112 to peer 0x56206d0075c0 (11 bytes)
1671678058.949429 sending message 112 to peer 0x56206d0075c0 (11 bytes)
1671678058.949434 sending message 112 to peer 0x56206d0075c0 (12 bytes)
1671678058.949439 sending message 112 to peer 0x56206d0075c0 (12 bytes)
1671678058.949444 sending message 112 to peer 0x56206d0075c0 (12 bytes)
1671678058.949449 sending message 112 to peer 0x56206d0075c0 (12 bytes)
1671678058.949455 sending message 112 to peer 0x56206d0075c0 (13 bytes)
1671678058.949460 sending message 112 to peer 0x56206d0075c0 (13 bytes)
1671678058.949465 sending message 112 to peer 0x56206d0075c0 (13 bytes)
1671678058.949470 sending message 112 to peer 0x56206d0075c0 (8 bytes)
1671678058.949475 sending message 112 to peer 0x56206d0075c0 (13 bytes)
1671678058.949480 sending message 112 to peer 0x56206d0075c0 (13 bytes)
1671678058.949485 sending message 112 to peer 0x56206d0075c0 (13 bytes)
1671678058.949491 sending message 112 to peer 0x56206d0075c0 (13 bytes)
1671678058.949496 sending message 112 to peer 0x56206d0075c0 (13 bytes)
1671678058.949501 sending message 112 to peer 0x56206d0075c0 (12 bytes)
1671678058.949506 sending message 112 to peer 0x56206d0075c0 (12 bytes)
1671678058.949512 sending message 112 to peer 0x56206d0075c0 (12 bytes)
1671678058.949517 sending message 112 to peer 0x56206d0075c0 (12 bytes)
1671678058.949522 sending message 112 to peer 0x56206d0075c0 (13 bytes)
1671678058.949527 sending message 112 to peer 0x56206d0075c0 (8 bytes)
1671678058.949532 sending message 112 to peer 0x56206d0075c0 (13 bytes)
1671678058.949537 sending message 112 to peer 0x56206d0075c0 (13 bytes)
1671678058.949543 sending message 112 to peer 0x56206d0075c0 (13 bytes)
1671678058.949548 sending message 112 to peer 0x56206d0075c0 (13 bytes)
1671678058.949553 sending message 112 to peer 0x56206d0075c0 (13 bytes)
1671678058.949558 sending message 112 to peer 0x56206d0075c0 (13 bytes)
1671678058.949564 sending message 112 to peer 0x56206d0075c0 (13 bytes)
1671678058.949569 sending message 112 to peer 0x56206d0075c0 (12 bytes)
1671678058.949574 sending message 112 to peer 0x56206d0075c0 (12 bytes)
1671678058.949579 sending message 112 to peer 0x56206d0075c0 (12 bytes)
1671678058.949589 sending message 112 to peer 0x56206d0075c0 (8 bytes)
1671678058.949595 sending message 112 to peer 0x56206d0075c0 (12 bytes)
1671678058.949600 sending message 112 to peer 0x56206d0075c0 (13 bytes)
1671678058.949605 sending message 112 to peer 0x56206d0075c0 (13 bytes)
1671678058.949611 sending message 112 to peer 0x56206d0075c0 (13 bytes)
1671678058.949616 sending message 112 to peer 0x56206d0075c0 (13 bytes)
1671678058.949621 sending message 112 to peer 0x56206d0075c0 (13 bytes)
1671678058.949627 sending message 112 to peer 0x56206d0075c0 (13 bytes)
1671678058.949632 sending message 112 to peer 0x56206d0075c0 (13 bytes)
1671678058.949641 sending message 112 to peer 0x56206d0075c0 (13 bytes)
1671678058.949647 sending message 112 to peer 0x56206d0075c0 (12 bytes)
1671678058.949652 sending message 112 to peer 0x56206d0075c0 (10 bytes)
1671678058.949657 sending message 112 to peer 0x56206d0075c0 (12 bytes)
1671678058.949662 sending message 112 to peer 0x56206d0075c0 (12 bytes)
1671678058.949668 sending message 112 to peer 0x56206d0075c0 (12 bytes)
1671678058.949673 sending message 112 to peer 0x56206d0075c0 (13 bytes)
1671678058.949678 sending message 112 to peer 0x56206d0075c0 (13 bytes)
1671678058.949683 sending message 112 to peer 0x56206d0075c0 (13 bytes)
1671678058.949689 sending message 112 to peer 0x56206d0075c0 (13 bytes)
1671678058.949694 sending message 112 to peer 0x56206d0075c0 (13 bytes)
1671678058.949699 sending message 112 to peer 0x56206d0075c0 (13 bytes)
1671678058.949704 sending message 112 to peer 0x56206d0075c0 (13 bytes)
1671678058.949709 sending message 112 to peer 0x56206d0075c0 (10 bytes)
1671678058.949715 sending message 112 to peer 0x56206d0075c0 (13 bytes)
1671678058.949720 sending message 112 to peer 0x56206d0075c0 (12 bytes)
1671678058.949725 sending message 112 to peer 0x56206d0075c0 (12 bytes)
1671678058.949730 sending message 112 to peer 0x56206d0075c0 (12 bytes)
1671678058.949735 sending message 112 to peer 0x56206d0075c0 (10 bytes)
1671678058.949740 sending message 112 to peer 0x56206d0075c0 (10 bytes)
1671678058.949746 sending message 112 to peer 0x56206d0075c0 (10 bytes)
1671678058.949751 sending message 112 to peer 0x56206d0075c0 (12 bytes)
1671678058.949756 sending message 112 to peer 0x56206d0075c0 (13 bytes)
1671678058.949761 sending message 112 to peer 0x56206d0075c0 (13 bytes)
1671678058.949767 sending message 112 to peer 0x56206d0075c0 (13 bytes)
1671678058.949772 sending message 112 to peer 0x56206d0075c0 (13 bytes)
1671678058.949777 sending message 112 to peer 0x56206d0075c0 (13 bytes)
1671678058.949782 sending message 112 to peer 0x56206d0075c0 (10 bytes)
1671678058.949787 sending message 112 to peer 0x56206d0075c0 (11 bytes)
1671678058.949792 sending message 112 to peer 0x56206d0075c0 (12 bytes)
1671678058.949797 sending message 112 to peer 0x56206d0075c0 (12 bytes)
1671678058.949802 sending message 112 to peer 0x56206d0075c0 (12 bytes)
1671678058.949807 sending message 112 to peer 0x56206d0075c0 (12 bytes)
1671678058.949812 sending message 112 to peer 0x56206d0075c0 (12 bytes)
1671678058.949818 sending message 112 to peer 0x56206d0075c0 (11 bytes)
1671678058.949823 sending message 112 to peer 0x56206d0075c0 (12 bytes)
1671678058.949828 sending message 112 to peer 0x56206d0075c0 (12 bytes)
1671678058.949833 sending message 112 to peer 0x56206d0075c0 (13 bytes)
1671678058.949838 sending message 112 to peer 0x56206d0075c0 (13 bytes)
1671678058.949843 sending message 112 to peer 0x56206d0075c0 (13 bytes)
1671678058.949850 sending message 112 to peer 0x56206d0075c0 (13 bytes)
1671678058.949859 sending message 112 to peer 0x56206d0075c0 (13 bytes)
1671678058.949868 sending message 112 to peer 0x56206d0075c0 (10 bytes)
1671678058.949876 sending message 112 to peer 0x56206d0075c0 (9 bytes)
1671678058.949885 sending message 112 to peer 0x56206d0075c0 (12 bytes)
1671678058.949894 sending message 112 to peer 0x56206d0075c0 (13 bytes)
1671678058.949902 sending message 112 to peer 0x56206d0075c0 (13 bytes)
1671678058.949910 sending message 112 to peer 0x56206d0075c0 (13 bytes)
1671678058.949927 sending message 112 to peer 0x56206d0075c0 (13 bytes)
1671678058.949936 sending message 112 to peer 0x56206d0075c0 (13 bytes)
1671678058.949944 sending message 112 to peer 0x56206d0075c0 (9 bytes)
1671678058.949953 sending message 112 to peer 0x56206d0075c0 (12 bytes)
1671678058.949966 sending message 112 to peer 0x56206d0075c0 (13 bytes)
1671678058.949972 sending message 112 to peer 0x56206d0075c0 (13 bytes)
1671678058.949977 sending message 112 to peer 0x56206d0075c0 (13 bytes)
1671678058.949982 sending message 112 to peer 0x56206d0075c0 (13 bytes)
1671678058.949987 sending message 112 to peer 0x56206d0075c0 (13 bytes)
1671678058.949992 sending message 112 to peer 0x56206d0075c0 (11 bytes)
1671678058.949997 sending message 112 to peer 0x56206d0075c0 (12 bytes)
1671678058.950002 sending message 112 to peer 0x56206d0075c0 (13 bytes)
1671678058.950007 sending message 112 to peer 0x56206d0075c0 (13 bytes)
1671678058.950013 sending message 112 to peer 0x56206d0075c0 (13 bytes)
1671678058.950018 sending message 112 to peer 0x56206d0075c0 (13 bytes)
1671678058.950023 sending message 112 to peer 0x56206d0075c0 (13 bytes)
1671678058.950028 sending message 112 to peer 0x56206d0075c0 (11 bytes)
1671678058.950036 sending message 112 to peer 0x56206d0075c0 (12 bytes)
1671678058.950042 sending message 112 to peer 0x56206d0075c0 (12 bytes)
1671678058.950047 sending message 112 to peer 0x56206d0075c0 (12 bytes)
1671678058.950052 sending message 112 to peer 0x56206d0075c0 (12 bytes)
1671678058.950057 sending message 112 to peer 0x56206d0075c0 (12 bytes)
1671678058.950062 sending message 112 to peer 0x56206d0075c0 (21 bytes)
1671678058.950067 sending message 112 to peer 0x56206d0075c0 (12 bytes)
1671678058.950072 sending message 112 to peer 0x56206d0075c0 (9 bytes)
1671678058.950077 sending message 112 to peer 0x56206d0075c0 (6 bytes)
1671678058.950083 sending message 112 to peer 0x56206d0075c0 (13 bytes)
1671678058.950088 sending message 112 to peer 0x56206d0075c0 (10 bytes)
1671678058.950093 sending message 112 to peer 0x56206d0075c0 (24 bytes)
1671678058.950098 sending message 112 to peer 0x56206d0075c0 (13 bytes)
1671678058.950103 sending message 112 to peer 0x56206d0075c0 (9 bytes)
1671678058.950108 sending message 112 to peer 0x56206d0075c0 (70 bytes)
1671678058.950113 sending message 112 to peer 0x56206d0075c0 (69 bytes)
1671678058.950120 sending message 112 to peer 0x56206d0075c0 (12 bytes)
1671678058.950126 sending message 112 to peer 0x56206d0075c0 (10 bytes)
1671678058.950131 sending message 112 to peer 0x56206d0075c0 (10 bytes)
1671678058.950136 sending message 112 to peer 0x56206d0075c0 (24 bytes)
1671678058.950141 sending message 112 to peer 0x56206d0075c0 (13 bytes)
1671678058.950146 sending message 112 to peer 0x56206d0075c0 (10 bytes)
1671678058.950151 sending message 112 to peer 0x56206d0075c0 (10 bytes)
1671678058.950155 sending message 112 to peer 0x56206d0075c0 (10 bytes)
1671678058.950160 sending message 112 to peer 0x56206d0075c0 (13 bytes)
1671678058.950165 sending message 112 to peer 0x56206d0075c0 (15 bytes)
1671678058.950170 sending message 112 to peer 0x56206d0075c0 (5 bytes)
1671678058.950176 sending message 104 to peer 0x56206d0075c0 (0 bytes)
1671678058.950182 sending message 110 to peer 0x56206d0075c0 (0 bytes)
1671678058.950188 sending message 107 to peer 0x56206d0075c0 (4 bytes)
1671678058.950193 sending message 105 to peer 0x56206d0075c0 (22 bytes)
1671678058.950198 sending message 105 to peer 0x56206d0075c0 (41 bytes)
1671678058.950206 sending message 105 to peer 0x56206d0075c0 (92 bytes)
1671678058.950211 sending message 105 to peer 0x56206d0075c0 (13 bytes)
1671678058.950217 sending message 105 to peer 0x56206d0075c0 (86 bytes)
1671678058.950222 sending message 105 to peer 0x56206d0075c0 (18 bytes)
1671678058.950227 sending message 105 to peer 0x56206d0075c0 (17 bytes)
1671678058.950232 sending message 105 to peer 0x56206d0075c0 (30 bytes)
1671678058.950237 sending message 105 to peer 0x56206d0075c0 (18 bytes)
1671678058.950242 sending message 105 to peer 0x56206d0075c0 (33 bytes)
1671678058.950252 sending message 105 to peer 0x56206d0075c0 (52 bytes)
1671678058.950258 sending message 105 to peer 0x56206d0075c0 (18 bytes)
1671678058.950263 sending message 105 to peer 0x56206d0075c0 (52 bytes)
1671678058.950268 sending message 105 to peer 0x56206d0075c0 (8 bytes)
1671678058.950273 sending message 105 to peer 0x56206d0075c0 (23 bytes)
1671678058.950278 sending message 105 to peer 0x56206d0075c0 (23 bytes)
1671678058.950283 sending message 105 to peer 0x56206d0075c0 (27 bytes)
1671678058.950293 sending message 105 to peer 0x56206d0075c0 (14 bytes)
1671678058.950299 sending message 105 to peer 0x56206d0075c0 (54 bytes)
1671678058.950304 sending message 105 to peer 0x56206d0075c0 (23 bytes)
1671678058.950309 sending message 105 to peer 0x56206d0075c0 (33 bytes)
1671678058.950314 sending message 105 to peer 0x56206d0075c0 (16 bytes)
1671678058.950322 sending message 105 to peer 0x56206d0075c0 (28 bytes)
1671678058.950329 sending message 105 to peer 0x56206d0075c0 (45 bytes)
1671678058.950334 sending message 105 to peer 0x56206d0075c0 (27 bytes)
1671678058.950339 sending message 105 to peer 0x56206d0075c0 (19 bytes)
1671678058.950344 sending message 105 to peer 0x56206d0075c0 (44 bytes)
1671678058.950349 sending message 105 to peer 0x56206d0075c0 (20 bytes)
1671678058.950354 sending message 105 to peer 0x56206d0075c0 (11 bytes)
1671678058.950359 sending message 105 to peer 0x56206d0075c0 (29 bytes)
1671678058.950364 sending message 105 to peer 0x56206d0075c0 (13 bytes)
1671678058.950369 sending message 105 to peer 0x56206d0075c0 (21 bytes)
1671678058.950374 sending message 105 to peer 0x56206d0075c0 (155 bytes)
1671678058.950382 sending message 105 to peer 0x56206d0075c0 (102 bytes)
1671678058.950387 sending message 105 to peer 0x56206d0075c0 (20 bytes)
1671678058.950393 sending message 105 to peer 0x56206d0075c0 (31 bytes)
1671678058.950398 sending message 105 to peer 0x56206d0075c0 (21 bytes)
1671678058.950403 sending message 105 to peer 0x56206d0075c0 (32 bytes)
1671678058.950408 sending message 105 to peer 0x56206d0075c0 (25 bytes)
1671678058.950413 sending message 105 to peer 0x56206d0075c0 (24 bytes)
1671678058.950418 sending message 105 to peer 0x56206d0075c0 (19 bytes)
1671678058.950423 sending message 105 to peer 0x56206d0075c0 (17 bytes)
1671678058.950428 sending message 105 to peer 0x56206d0075c0 (12 bytes)
1671678058.950433 sending message 105 to peer 0x56206d0075c0 (20 bytes)
1671678058.950438 sending message 105 to peer 0x56206d0075c0 (41 bytes)
1671678058.950443 sending message 105 to peer 0x56206d0075c0 (20 bytes)
1671678058.950448 sending message 105 to peer 0x56206d0075c0 (23 bytes)
1671678058.950453 sending message 105 to peer 0x56206d0075c0 (20 bytes)
1671678058.950460 sending message 105 to peer 0x56206d0075c0 (23 bytes)
1671678058.950466 sending message 105 to peer 0x56206d0075c0 (11 bytes)
1671678058.950471 sending message 105 to peer 0x56206d0075c0 (18 bytes)
1671678058.950476 sending message 105 to peer 0x56206d0075c0 (8 bytes)
1671678058.950480 sending message 105 to peer 0x56206d0075c0 (16 bytes)
1671678058.950485 sending message 105 to peer 0x56206d0075c0 (12 bytes)
1671678058.950490 sending message 105 to peer 0x56206d0075c0 (20 bytes)
1671678058.950495 sending message 105 to peer 0x56206d0075c0 (24 bytes)
1671678058.950500 sending message 105 to peer 0x56206d0075c0 (11 bytes)
1671678058.950505 sending message 105 to peer 0x56206d0075c0 (8 bytes)
1671678058.950510 sending message 105 to peer 0x56206d0075c0 (32 bytes)
1671678058.950515 sending message 105 to peer 0x56206d0075c0 (1519 bytes)
1671678058.950539 sending message 105 to peer 0x56206d0075c0 (10 bytes)
1671678058.950546 sending message 105 to peer 0x56206d0075c0 (22 bytes)
1671678058.950551 sending message 105 to peer 0x56206d0075c0 (16 bytes)
1671678058.950556 sending message 105 to peer 0x56206d0075c0 (49 bytes)
1671678058.950561 sending message 105 to peer 0x56206d0075c0 (58 bytes)
1671678058.950566 sending message 106 to peer 0x56206d0075c0 (0 bytes)
1671678058.950575 sending message 200 to peer 0x56206d0075c0 (4 bytes)
1671678058.950585 client loop enter
1671678058.950626 client_signal: Child exited
1671678059.271931 peer 0x56206d0075c0 message 207
1671678059.271946 sending message 208 to peer 0x56206d0075c0 (0 bytes)
1671678360.718828 peer 0x56206d0075c0 message 203
1671678360.718974 sending message 205 to peer 0x56206d0075c0 (0 bytes)
1671678360.719253 peer 0x56206d0075c0 message 204
1671678360.719269 client loop exit
